<?xml version="1.0" encoding="UTF-8"?>
<!-- Generated by org.testng.reporters.JUnitReportReporter -->
<testsuite hostname="DESKTOP-PF8F9B0" failures="0" tests="6" name="tests.sauceDemo.LoginTest" time="17.950" errors="0" timestamp="2024-12-17T16:13:40 ART" skipped="0">
  <testcase classname="tests.sauceDemo.LoginTest" name="loginPerformanceUser" time="6.974"/>
  <testcase classname="tests.sauceDemo.LoginTest" name="loginStandardUser" time="2.908"/>
  <testcase classname="tests.sauceDemo.LoginTest" name="loginLockedUser" time="2.049"/>
  <testcase classname="tests.sauceDemo.LoginTest" name="loginProblemUser" time="1.956"/>
  <testcase classname="tests.sauceDemo.LoginTest" name="loginVisualUser" time="1.923"/>
  <testcase classname="tests.sauceDemo.LoginTest" name="loginErrorUser" time="2.140"/>
</testsuite> <!-- tests.sauceDemo.LoginTest -->
