<?xml version="1.0" encoding="UTF-8"?>
<!-- Generated by org.testng.reporters.JUnitReportReporter -->
<testsuite hostname="DESKTOP-PF8F9B0" failures="0" tests="3" name="tests.sauceDemo.CheckoutInfoTest" time="8.006" errors="0" timestamp="2024-12-31T11:26:49 ART" skipped="0">
  <testcase classname="tests.sauceDemo.CheckoutInfoTest" name="empyPostalCode" time="2.599"/>
  <testcase classname="tests.sauceDemo.CheckoutInfoTest" name="empyLastName" time="2.785"/>
  <testcase classname="tests.sauceDemo.CheckoutInfoTest" name="emptyFirstName" time="2.622"/>
</testsuite> <!-- tests.sauceDemo.CheckoutInfoTest -->
