<?xml version="1.0" encoding="UTF-8"?>
<!-- Generated by org.testng.reporters.JUnitReportReporter -->
<testsuite hostname="DESKTOP-PF8F9B0" failures="0" tests="3" name="tests.sauceDemo.CheckoutInfoTest" time="8.809" errors="0" timestamp="2024-12-26T16:06:05 ART" skipped="0">
  <testcase classname="tests.sauceDemo.CheckoutInfoTest" name="empyLastName" time="3.628"/>
  <testcase classname="tests.sauceDemo.CheckoutInfoTest" name="empyPostalCode" time="2.480"/>
  <testcase classname="tests.sauceDemo.CheckoutInfoTest" name="emptyFirstName" time="2.701"/>
</testsuite> <!-- tests.sauceDemo.CheckoutInfoTest -->
