<?xml version="1.0" encoding="UTF-8"?>
<!-- Generated by org.testng.reporters.JUnitReportReporter -->
<testsuite hostname="DESKTOP-PF8F9B0" failures="0" tests="6" name="tests.sauceDemo.Login.LoginTest" time="16.408" errors="0" timestamp="2024-12-31T11:26:49 ART" skipped="0">
  <testcase classname="tests.sauceDemo.Login.LoginTest" name="loginWithUsers" time="1.902"/>
  <testcase classname="tests.sauceDemo.Login.LoginTest" name="loginWithUsers" time="1.912"/>
  <testcase classname="tests.sauceDemo.Login.LoginTest" name="loginWithUsers" time="1.972"/>
  <testcase classname="tests.sauceDemo.Login.LoginTest" name="loginWithUsers" time="1.838"/>
  <testcase classname="tests.sauceDemo.Login.LoginTest" name="loginLockedUser" time="1.907"/>
  <testcase classname="tests.sauceDemo.Login.LoginTest" name="loginWithUsers" time="6.877"/>
</testsuite> <!-- tests.sauceDemo.Login.LoginTest -->
