<?xml version="1.0" encoding="UTF-8"?>
<!-- Generated by org.testng.reporters.JUnitReportReporter -->
<testsuite hostname="DESKTOP-PF8F9B0" failures="0" tests="3" name="tests.sauceDemo.CheckoutInfoTest" time="15.220" errors="0" timestamp="2024-12-30T17:56:03 ART" skipped="0">
  <testcase classname="tests.sauceDemo.CheckoutInfoTest" name="empyPostalCode" time="5.048"/>
  <testcase classname="tests.sauceDemo.CheckoutInfoTest" name="empyLastName" time="5.758"/>
  <testcase classname="tests.sauceDemo.CheckoutInfoTest" name="emptyFirstName" time="4.414"/>
</testsuite> <!-- tests.sauceDemo.CheckoutInfoTest -->
