<?xml version="1.0" encoding="UTF-8"?>
<!-- Generated by org.testng.reporters.JUnitReportReporter -->
<testsuite hostname="DESKTOP-PF8F9B0" failures="0" tests="6" name="tests.sauceDemo.LoginTest" time="17.614" errors="0" timestamp="2024-12-19T15:56:39 ART" skipped="0">
  <testcase classname="tests.sauceDemo.LoginTest" name="loginProblemUser" time="1.958"/>
  <testcase classname="tests.sauceDemo.LoginTest" name="loginStandardUser" time="2.683"/>
  <testcase classname="tests.sauceDemo.LoginTest" name="loginLockedUser" time="1.944"/>
  <testcase classname="tests.sauceDemo.LoginTest" name="loginErrorUser" time="2.032"/>
  <testcase classname="tests.sauceDemo.LoginTest" name="loginPerformanceUser" time="7.061"/>
  <testcase classname="tests.sauceDemo.LoginTest" name="loginVisualUser" time="1.936"/>
</testsuite> <!-- tests.sauceDemo.LoginTest -->
