<?xml version="1.0" encoding="UTF-8"?>
<!-- Generated by org.testng.reporters.JUnitReportReporter -->
<testsuite hostname="DESKTOP-PF8F9B0" failures="0" tests="1" name="tests.PruebaTest" time="2.693" errors="0" timestamp="2024-12-16T16:42:12 ART" skipped="0">
  <testcase classname="tests.PruebaTest" name="prueba0001" time="2.693"/>
</testsuite> <!-- tests.PruebaTest -->
