<?xml version="1.0" encoding="UTF-8"?>
<!-- Generated by org.testng.reporters.JUnitReportReporter -->
<testsuite hostname="DESKTOP-PF8F9B0" failures="0" tests="1" name="tests.sauceDemo.CheckoutOverviewTest" time="5.624" errors="0" timestamp="2024-12-30T17:56:03 ART" skipped="0">
  <testcase classname="tests.sauceDemo.CheckoutOverviewTest" name="validatePrice" time="5.624"/>
</testsuite> <!-- tests.sauceDemo.CheckoutOverviewTest -->
