<?xml version="1.0" encoding="UTF-8"?>
<!-- Generated by org.testng.reporters.JUnitReportReporter -->
<testsuite hostname="DESKTOP-PF8F9B0" failures="0" tests="6" name="tests.sauceDemo.LoginTest" time="17.907" errors="0" timestamp="2024-12-19T16:44:51 ART" skipped="0">
  <testcase classname="tests.sauceDemo.LoginTest" name="loginPerformanceUser" time="7.776"/>
  <testcase classname="tests.sauceDemo.LoginTest" name="loginProblemUser" time="1.894"/>
  <testcase classname="tests.sauceDemo.LoginTest" name="loginErrorUser" time="2.328"/>
  <testcase classname="tests.sauceDemo.LoginTest" name="loginStandardUser" time="1.954"/>
  <testcase classname="tests.sauceDemo.LoginTest" name="loginLockedUser" time="1.960"/>
  <testcase classname="tests.sauceDemo.LoginTest" name="loginVisualUser" time="1.995"/>
</testsuite> <!-- tests.sauceDemo.LoginTest -->
