<?xml version="1.0" encoding="UTF-8"?>
<!-- Generated by org.testng.reporters.JUnitReportReporter -->
<testsuite hostname="DESKTOP-PF8F9B0" failures="0" tests="1" name="tests.sauceDemo.CheckoutCompleteTest" time="3.912" errors="0" timestamp="2024-12-31T11:26:49 ART" skipped="0">
  <testcase classname="tests.sauceDemo.CheckoutCompleteTest" name="completeBuy" time="3.912"/>
</testsuite> <!-- tests.sauceDemo.CheckoutCompleteTest -->
