<?xml version="1.0" encoding="UTF-8"?>
<!-- Generated by org.testng.reporters.JUnitReportReporter -->
<testsuite hostname="DESKTOP-PF8F9B0" failures="0" tests="6" name="tests.sauceDemo.LoginTest" time="17.407" errors="0" timestamp="2024-12-17T17:59:51 ART" skipped="0">
  <testcase classname="tests.sauceDemo.LoginTest" name="loginVisualUser" time="1.886"/>
  <testcase classname="tests.sauceDemo.LoginTest" name="loginPerformanceUser" time="6.937"/>
  <testcase classname="tests.sauceDemo.LoginTest" name="loginLockedUser" time="1.968"/>
  <testcase classname="tests.sauceDemo.LoginTest" name="loginStandardUser" time="1.881"/>
  <testcase classname="tests.sauceDemo.LoginTest" name="loginErrorUser" time="2.013"/>
  <testcase classname="tests.sauceDemo.LoginTest" name="loginProblemUser" time="2.722"/>
</testsuite> <!-- tests.sauceDemo.LoginTest -->
