<?xml version="1.0" encoding="UTF-8"?>
<!-- Generated by org.testng.reporters.JUnitReportReporter -->
<testsuite hostname="DESKTOP-PF8F9B0" failures="0" tests="6" name="tests.sauceDemo.LoginTest" time="17.879" errors="0" timestamp="2024-12-17T11:29:34 ART" skipped="0">
  <testcase classname="tests.sauceDemo.LoginTest" name="loginVisualUser" time="2.005"/>
  <testcase classname="tests.sauceDemo.LoginTest" name="loginStandardUser" time="1.903"/>
  <testcase classname="tests.sauceDemo.LoginTest" name="loginLockedUser" time="2.864"/>
  <testcase classname="tests.sauceDemo.LoginTest" name="loginPerformanceUser" time="6.969"/>
  <testcase classname="tests.sauceDemo.LoginTest" name="loginProblemUser" time="2.069"/>
  <testcase classname="tests.sauceDemo.LoginTest" name="loginErrorUser" time="2.069"/>
</testsuite> <!-- tests.sauceDemo.LoginTest -->
