<?xml version="1.0" encoding="UTF-8"?>
<!-- Generated by org.testng.reporters.JUnitReportReporter -->
<testsuite hostname="DESKTOP-PF8F9B0" failures="0" tests="6" name="tests.sauceDemo.Login.LoginTest" time="19.954" errors="0" timestamp="2024-12-30T17:56:03 ART" skipped="0">
  <testcase classname="tests.sauceDemo.Login.LoginTest" name="loginWithUsers" time="2.677"/>
  <testcase classname="tests.sauceDemo.Login.LoginTest" name="loginWithUsers" time="2.415"/>
  <testcase classname="tests.sauceDemo.Login.LoginTest" name="loginLockedUser" time="2.483"/>
  <testcase classname="tests.sauceDemo.Login.LoginTest" name="loginWithUsers" time="7.455"/>
  <testcase classname="tests.sauceDemo.Login.LoginTest" name="loginWithUsers" time="2.424"/>
  <testcase classname="tests.sauceDemo.Login.LoginTest" name="loginWithUsers" time="2.500"/>
</testsuite> <!-- tests.sauceDemo.Login.LoginTest -->
