<?xml version="1.0" encoding="UTF-8"?>
<!-- Generated by org.testng.reporters.JUnitReportReporter -->
<testsuite hostname="DESKTOP-PF8F9B0" failures="0" tests="2" name="tests.sauceDemo.Home.ProductTest" time="6.557" errors="0" timestamp="2024-12-30T17:56:03 ART" skipped="0">
  <testcase classname="tests.sauceDemo.Home.ProductTest" name="carritoValidacion" time="3.626"/>
  <testcase classname="tests.sauceDemo.Home.ProductTest" name="filterOrder" time="2.931"/>
</testsuite> <!-- tests.sauceDemo.Home.ProductTest -->
