<?xml version="1.0" encoding="UTF-8"?>
<!-- Generated by org.testng.reporters.JUnitReportReporter -->
<testsuite hostname="DESKTOP-PF8F9B0" failures="0" tests="2" name="tests.sauceDemo.Home.ProductTest" time="4.553" errors="0" timestamp="2024-12-31T11:26:49 ART" skipped="0">
  <testcase classname="tests.sauceDemo.Home.ProductTest" name="carritoValidacion" time="2.335"/>
  <testcase classname="tests.sauceDemo.Home.ProductTest" name="filterOrder" time="2.218"/>
</testsuite> <!-- tests.sauceDemo.Home.ProductTest -->
