<?xml version="1.0" encoding="UTF-8"?>
<!-- Generated by org.testng.reporters.JUnitReportReporter -->
<testsuite hostname="DESKTOP-PF8F9B0" failures="0" tests="1" name="tests.sauceDemo.GrupoTest" time="0.002" errors="0" timestamp="2024-12-31T11:26:49 ART" skipped="0">
  <testcase classname="tests.sauceDemo.GrupoTest" name="testGrupo" time="0.002"/>
</testsuite> <!-- tests.sauceDemo.GrupoTest -->
