<?xml version="1.0" encoding="UTF-8"?>
<!-- Generated by org.testng.reporters.JUnitReportReporter -->
<testsuite hostname="DESKTOP-PF8F9B0" failures="0" tests="6" name="tests.sauceDemo.Login.LoginTest" time="16.566" errors="0" timestamp="2024-12-26T16:06:05 ART" skipped="0">
  <testcase classname="tests.sauceDemo.Login.LoginTest" name="loginErrorUser" time="1.902"/>
  <testcase classname="tests.sauceDemo.Login.LoginTest" name="loginLockedUser" time="2.037"/>
  <testcase classname="tests.sauceDemo.Login.LoginTest" name="loginStandardUser" time="1.915"/>
  <testcase classname="tests.sauceDemo.Login.LoginTest" name="loginVisualUser" time="1.888"/>
  <testcase classname="tests.sauceDemo.Login.LoginTest" name="loginPerformanceUser" time="6.956"/>
  <testcase classname="tests.sauceDemo.Login.LoginTest" name="loginProblemUser" time="1.868"/>
</testsuite> <!-- tests.sauceDemo.Login.LoginTest -->
